# JRE version: Java(TM) SE Runtime Environment (21.0.4+8) (build 21.0.4+8-LTS-274)
# Java VM: Java HotSpot(TM) 64-Bit Server VM (21.0.4+8-LTS-274, mixed mode, emulated-client, sharing, tiered, compressed oops, compressed class ptrs, g1 gc, windows-amd64)
GC Precious Log:
 CardTable entry size: 512
 Card Set container configuration: InlinePtr #cards 5 size 8 Array Of Cards #cards 12 size 40 Howl #buckets 4 coarsen threshold 1843 Howl Bitmap #cards 512 size 80 coarsen threshold 460 Card regions per heap region 1 cards per card region 2048
 CPUs: 12 total, 12 available
 Memory: 7918M
 Large Page Support: Disabled
 NUMA Support: Disabled
 Compressed Oops: Enabled (32-bit)
 Heap Region Size: 1M
 Heap Min Capacity: 8M
 Heap Initial Capacity: 124M
 Heap Max Capacity: 1980M
 Pre-touch: Disabled
 Parallel Workers: 10
 Concurrent Workers: 3
 Concurrent Refinement Workers: 10
 Periodic GC: Disabled
Heap:
 garbage-first heap   total 58368K, used 21166K [0x0000000084400000, 0x0000000100000000)
  region size 1024K, 2 young (2048K), 2 survivors (2048K)
 Metaspace       used 32838K, committed 33472K, reserved 1114112K
  class space    used 4521K, committed 4800K, reserved 1048576K
GC Heap History (11 events):
Event: 0.578 GC heap before
{Heap before GC invocations=0 (full 0):
 garbage-first heap   total 126976K, used 25600K [0x0000000084400000, 0x0000000100000000)
  region size 1024K, 23 young (23552K), 0 survivors (0K)
 Metaspace       used 7337K, committed 7616K, reserved 1114112K
  class space    used 897K, committed 1024K, reserved 1048576K
}
Event: 0.587 GC heap after
{Heap after GC invocations=1 (full 0):
 garbage-first heap   total 126976K, used 8672K [0x0000000084400000, 0x0000000100000000)
  region size 1024K, 3 young (3072K), 3 survivors (3072K)
 Metaspace       used 7337K, committed 7616K, reserved 1114112K
  class space    used 897K, committed 1024K, reserved 1048576K
}
Event: 2.273 GC heap before
{Heap before GC invocations=1 (full 0):
 garbage-first heap   total 126976K, used 35296K [0x0000000084400000, 0x0000000100000000)
  region size 1024K, 30 young (30720K), 3 survivors (3072K)
 Metaspace       used 13741K, committed 14208K, reserved 1114112K
  class space    used 1824K, committed 2048K, reserved 1048576K
}
Event: 2.276 GC heap after
{Heap after GC invocations=2 (full 0):
 garbage-first heap   total 126976K, used 10997K [0x0000000084400000, 0x0000000100000000)
  region size 1024K, 3 young (3072K), 3 survivors (3072K)
 Metaspace       used 13741K, committed 14208K, reserved 1114112K
  class space    used 1824K, committed 2048K, reserved 1048576K
}
Event: 3.604 GC heap before
{Heap before GC invocations=2 (full 0):
 garbage-first heap   total 126976K, used 45813K [0x0000000084400000, 0x0000000100000000)
  region size 1024K, 39 young (39936K), 3 survivors (3072K)
 Metaspace       used 20657K, committed 21120K, reserved 1114112K
  class space    used 2743K, committed 2944K, reserved 1048576K
}
Event: 4.621 GC heap after
{Heap after GC invocations=3 (full 0):
 garbage-first heap   total 126976K, used 14495K [0x0000000084400000, 0x0000000100000000)
  region size 1024K, 6 young (6144K), 6 survivors (6144K)
 Metaspace       used 20657K, committed 21120K, reserved 1114112K
  class space    used 2743K, committed 2944K, reserved 1048576K
}
Event: 4.954 GC heap before
{Heap before GC invocations=4 (full 0):
 garbage-first heap   total 58368K, used 43167K [0x0000000084400000, 0x0000000100000000)
  region size 1024K, 34 young (34816K), 6 survivors (6144K)
 Metaspace       used 23593K, committed 24000K, reserved 1114112K
  class space    used 3186K, committed 3392K, reserved 1048576K
}
Event: 4.962 GC heap after
{Heap after GC invocations=5 (full 0):
 garbage-first heap   total 58368K, used 16393K [0x0000000084400000, 0x0000000100000000)
  region size 1024K, 3 young (3072K), 3 survivors (3072K)
 Metaspace       used 23593K, committed 24000K, reserved 1114112K
  class space    used 3186K, committed 3392K, reserved 1048576K
}
Event: 5.305 GC heap before
{Heap before GC invocations=5 (full 0):
 garbage-first heap   total 58368K, used 45065K [0x0000000084400000, 0x0000000100000000)
  region size 1024K, 31 young (31744K), 3 survivors (3072K)
 Metaspace       used 27977K, committed 28544K, reserved 1114112K
  class space    used 3885K, committed 4160K, reserved 1048576K
}
Event: 5.311 GC heap after
{Heap after GC invocations=6 (full 0):
 garbage-first heap   total 58368K, used 18942K [0x0000000084400000, 0x0000000100000000)
  region size 1024K, 3 young (3072K), 3 survivors (3072K)
 Metaspace       used 27977K, committed 28544K, reserved 1114112K
  class space    used 3885K, committed 4160K, reserved 1048576K
}
Event: 6.777 GC heap before
{Heap before GC invocations=6 (full 0):
 garbage-first heap   total 58368K, used 45566K [0x0000000084400000, 0x0000000100000000)
  region size 1024K, 30 young (30720K), 3 survivors (3072K)
 Metaspace       used 32838K, committed 33472K, reserved 1114112K
  class space    used 4521K, committed 4800K, reserved 1048576K
}

